<?xml version="1.0" encoding="UTF-8"?>
<!-- Generated by org.testng.reporters.JUnitReportReporter -->
<testsuite hostname="CG-LTP-DineshLK" failures="0" tests="3" name="rahulshettyacademy.tests.SubmitOrderTest" time="149.407" errors="0" timestamp="2024-03-03T23:06:31 IST" skipped="0">
  <testcase classname="rahulshettyacademy.tests.SubmitOrderTest" name="submitOrder" time="13.869"/>
  <testcase classname="rahulshettyacademy.tests.SubmitOrderTest" name="OrderHistoryTest" time="7.193"/>
  <testcase classname="rahulshettyacademy.tests.SubmitOrderTest" name="submitOrder" time="128.345"/>
</testsuite> <!-- rahulshettyacademy.tests.SubmitOrderTest -->
