<?xml version="1.0" encoding="UTF-8"?>
<!-- Generated by org.testng.reporters.JUnitReportReporter -->
<testsuite hostname="CG-LTP-DineshLK" failures="0" tests="3" name="rahulshettyacademy.tests.ErrorValidationsTest" time="153.200" errors="0" timestamp="2024-03-03T23:06:31 IST" skipped="1">
  <testcase classname="rahulshettyacademy.tests.ErrorValidationsTest" name="LoginErrorValidation" time="18.923"/>
  <testcase classname="rahulshettyacademy.tests.ErrorValidationsTest" name="LoginErrorValidation" time="31.867">
    <skipped/>
  </testcase> <!-- LoginErrorValidation -->
  <testcase classname="rahulshettyacademy.tests.ErrorValidationsTest" name="ProductErrorValidation" time="102.410"/>
</testsuite> <!-- rahulshettyacademy.tests.ErrorValidationsTest -->
